INFO     planner time limit: 300s
INFO     planner memory limit: 3584 MB

INFO     Running translator.
INFO     translator stdin: None
INFO     translator time limit: 299s
INFO     translator memory limit: 3584 MB
INFO     translator command line string: /workspaces/ubuntu/BRRW/experiments/cg-vs-ff/.venv/bin/python3 /workspaces/ubuntu/BRRW/experiments/cg-vs-ff/data/Xperiment100/code-9c52a59874d5fe5b1c4d3147084b7594916e559b_e5e41175/builds/release/bin/translate/translate.py domain.pddl problem.pddl --sas-file output.sas
Parsing...
Parsing: [0.000s CPU, 0.002s wall-clock]
Normalizing task... [0.000s CPU, 0.000s wall-clock]
Instantiating...
Generating Datalog program... [0.000s CPU, 0.000s wall-clock]
Normalizing Datalog program...
Normalizing Datalog program: [0.000s CPU, 0.002s wall-clock]
Preparing model... [0.000s CPU, 0.001s wall-clock]
Generated 45 rules.
Computing model... [0.000s CPU, 0.001s wall-clock]
41 relevant atoms
55 auxiliary atoms
96 final queue length
99 total queue pushes
Completing instantiation... [0.000s CPU, 0.000s wall-clock]
Instantiating: [0.000s CPU, 0.004s wall-clock]
Computing fact groups...
Finding invariants...
18 initial candidates
Finding invariants: [0.000s CPU, 0.002s wall-clock]
Checking invariant weight... [0.000s CPU, 0.000s wall-clock]
Instantiating groups... [0.000s CPU, 0.000s wall-clock]
Collecting mutex groups... [0.000s CPU, 0.000s wall-clock]
Choosing groups...
0 uncovered facts
Choosing groups: [0.000s CPU, 0.000s wall-clock]
Building translation key... [0.000s CPU, 0.000s wall-clock]
Computing fact groups: [0.000s CPU, 0.002s wall-clock]
Building STRIPS to SAS dictionary... [0.000s CPU, 0.000s wall-clock]
Building dictionary for full mutex groups... [0.000s CPU, 0.000s wall-clock]
Building mutex information...
Building mutex information: [0.000s CPU, 0.000s wall-clock]
Translating task...
Processing axioms...
Simplifying axioms... [0.000s CPU, 0.000s wall-clock]
Translator axioms removed by simplifying: 0
Processing axioms: [0.000s CPU, 0.000s wall-clock]
Translating task: [0.000s CPU, 0.000s wall-clock]
0 effect conditions simplified
0 implied preconditions added
Detecting unreachable propositions...
0 operators removed
0 axioms removed
5 propositions removed
Detecting unreachable propositions: [0.000s CPU, 0.000s wall-clock]
Reordering and filtering variables...
5 of 5 variables necessary.
0 of 5 mutex groups necessary.
5 of 5 operators necessary.
0 of 0 axiom rules necessary.
Reordering and filtering variables: [0.000s CPU, 0.000s wall-clock]
Translator variables: 5
Translator derived variables: 0
Translator facts: 10
Translator goal facts: 1
Translator mutex groups: 0
Translator total mutex groups size: 0
Translator operators: 5
Translator axioms: 0
Translator task size: 40
Translator peak memory: 31512 KB
Writing output... [0.000s CPU, 0.000s wall-clock]
Done! [0.000s CPU, 0.009s wall-clock]
translate exit code: 0

INFO     Running search (release).
INFO     search stdin: output.sas
INFO     search time limit: 299s
INFO     search memory limit: 3584 MB
INFO     search command line string: /workspaces/ubuntu/BRRW/experiments/cg-vs-ff/data/Xperiment100/code-9c52a59874d5fe5b1c4d3147084b7594916e559b_e5e41175/builds/release/bin/downward --search 'ehcbrrw(add(), max_depth=100, beam_width=10, restart_strategy="luby")' --internal-plan-file sas_plan < output.sas
[t=0.000000s, 10020 KB] reading input...
[t=0.000000s, 10020 KB] done reading input!
[t=0.000000s, 10284 KB] Simplifying 8 unary operators... done! [8 unary operators]
[t=0.000000s, 10284 KB] time to simplify: 0.000000s
[t=0.000000s, 10284 KB] Initializing additive heuristic...
[t=0.000000s, 10284 KB] Building successor generator...done!
[t=0.000000s, 10284 KB] peak memory difference for successor generator creation: 0 KB
[t=0.000000s, 10284 KB] time for successor generation creation: 0.000000s
[t=0.000000s, 10284 KB] Variables: 5
[t=0.000000s, 10284 KB] FactPairs: 10
[t=0.000000s, 10284 KB] Bytes per state: 4
[t=0.000000s, 10284 KB] Conducting enforced hill-climbing search, (real) bound = 2147483647
[t=0.000000s, 10284 KB] Initial heuristic value for add: 5
[t=0.000000s, 10284 KB] New best heuristic value for add: 5
[t=0.000000s, 10284 KB] New best heuristic value for add: 4
[t=0.000000s, 10284 KB] New best heuristic value for add: 3
[t=0.000000s, 10284 KB] New best heuristic value for add: 2
[t=0.000000s, 10284 KB] New best heuristic value for add: 1
[t=0.000000s, 10284 KB] New best heuristic value for add: 0
[t=0.000000s, 10284 KB] Solution found!
[t=0.000000s, 10284 KB] Actual search time: 0.000000s
drive truck1 depot1 market1 (1)
buy truck1 goods1 market1 level0 level1 level0 level1 (1)
load goods1 truck1 market1 level0 level1 level0 level1 (1)
drive truck1 market1 depot1 (1)
unload goods1 truck1 depot1 level0 level1 level0 level1 (1)
[t=0.000000s, 10284 KB] Plan length: 5 step(s).
[t=0.000000s, 10284 KB] Plan cost: 5
[t=0.000000s, 10284 KB] Expanded 5 state(s).
[t=0.000000s, 10284 KB] Reopened 0 state(s).
[t=0.000000s, 10284 KB] Evaluated 7 state(s).
[t=0.000000s, 10284 KB] Evaluations: 7
[t=0.000000s, 10284 KB] Generated 8 state(s).
[t=0.000000s, 10284 KB] Dead ends: 0 state(s).
[t=0.000000s, 10284 KB] EHC phases: 5
[t=0.000000s, 10284 KB] Average expansions per EHC phase: 1.000000
[t=0.000000s, 10284 KB] EHC phases of depth 1: 5 - Avg. Expansions: 1.000000
[t=0.000000s, 10284 KB] Search time: 0.000000s
[t=0.000000s, 10284 KB] Total time: 0.000000s
Solution found.
Peak memory: 10284 KB
Remove intermediate file output.sas
search exit code: 0

INFO     Running validate.
INFO     validate stdin: None
INFO     validate time limit: None
INFO     validate memory limit: None
INFO     validate command line string: /usr/bin/validate domain.pddl problem.pddl sas_plan
Checking plan: sas_plan
Plan executed successfully - checking goal
Plan valid
Final value: 5 

Successful plans:
Value: 5
 sas_plan 5 

validate exit code: 0

INFO     Planner time: 0.05s
